R:\prj\cam\src\DARK.CFG => R:\prj\thief2\daily\cd1\thief2\dark.cfg
     1 file copied
R:\prj\cam\src\CAM.CFG => R:\prj\thief2\daily\cd1\thief2\cam.cfg
     1 file copied
R:\prj\cam\src\DARK.BND => R:\prj\thief2\reltools\bnd\eng\dark.bnd
     1 file copied
R:\prj\cam\src\quake.bnd => R:\prj\thief2\reltools\bnd\eng\quake.bnd
     1 file copied
R:\prj\cam\src\UNREAL.BND => R:\prj\thief2\reltools\bnd\eng\unreal.bnd
     1 file copied
R:\prj\cam\src\CFG0000.BND => R:\prj\thief2\reltools\bnd\eng\saves\CFG0000.BND
R:\prj\cam\src\CFG0001.BND => R:\prj\thief2\reltools\bnd\eng\saves\CFG0001.BND
R:\prj\cam\src\CFG0002.BND => R:\prj\thief2\reltools\bnd\eng\saves\CFG0002.BND
     3 files copied
R:\prj\cam\src\DARK.CFG => R:\prj\thief2\daily\cd1\thief2\dark.cfg
     1 file copied
R:\prj\cam\src\CAM.CFG => R:\prj\thief2\daily\cd1\thief2\cam.cfg
     1 file copied
R:\prj\cam\src\DARK.BND => R:\prj\thief2\reltools\bnd\eng\dark.bnd
     1 file copied
R:\prj\cam\src\quake.bnd => R:\prj\thief2\reltools\bnd\eng\quake.bnd
     1 file copied
R:\prj\cam\src\UNREAL.BND => R:\prj\thief2\reltools\bnd\eng\unreal.bnd
     1 file copied
R:\prj\cam\src\CFG0000.BND => R:\prj\thief2\reltools\bnd\eng\saves\CFG0000.BND
R:\prj\cam\src\CFG0001.BND => R:\prj\thief2\reltools\bnd\eng\saves\CFG0001.BND
R:\prj\cam\src\CFG0002.BND => R:\prj\thief2\reltools\bnd\eng\saves\CFG0002.BND
     3 files copied
R:\prj\cam\src\DARK.CFG => R:\prj\thief2\daily\cd1\thief2\dark.cfg
     1 file copied
R:\prj\cam\src\CAM.CFG => R:\prj\thief2\daily\cd1\thief2\cam.cfg
     1 file copied
R:\prj\cam\src\DARK.BND => R:\prj\thief2\reltools\bnd\eng\dark.bnd
     1 file copied
R:\prj\cam\src\quake.bnd => R:\prj\thief2\reltools\bnd\eng\quake.bnd
     1 file copied
R:\prj\cam\src\UNREAL.BND => R:\prj\thief2\reltools\bnd\eng\unreal.bnd
     1 file copied
R:\prj\cam\src\CFG0000.BND => R:\prj\thief2\reltools\bnd\eng\saves\CFG0000.BND
R:\prj\cam\src\CFG0001.BND => R:\prj\thief2\reltools\bnd\eng\saves\CFG0001.BND
R:\prj\cam\src\CFG0002.BND => R:\prj\thief2\reltools\bnd\eng\saves\CFG0002.BND
     3 files copied
R:\prj\cam\src\DARK.CFG => R:\prj\thief2\daily\cd1\thief2\dark.cfg
     1 file copied
R:\prj\cam\src\CAM.CFG => R:\prj\thief2\daily\cd1\thief2\cam.cfg
     1 file copied
R:\prj\cam\src\DARK.BND => R:\prj\thief2\reltools\bnd\eng\dark.bnd
     1 file copied
R:\prj\cam\src\quake.bnd => R:\prj\thief2\reltools\bnd\eng\quake.bnd
     1 file copied
R:\prj\cam\src\UNREAL.BND => R:\prj\thief2\reltools\bnd\eng\unreal.bnd
     1 file copied
R:\prj\cam\src\CFG0000.BND => R:\prj\thief2\reltools\bnd\eng\saves\CFG0000.BND
R:\prj\cam\src\CFG0001.BND => R:\prj\thief2\reltools\bnd\eng\saves\CFG0001.BND
R:\prj\cam\src\CFG0002.BND => R:\prj\thief2\reltools\bnd\eng\saves\CFG0002.BND
     3 files copied
R:\prj\cam\src\DARK.CFG => R:\prj\thief2\daily\cd1\thief2\dark.cfg
     1 file copied
R:\prj\cam\src\CAM.CFG => R:\prj\thief2\daily\cd1\thief2\cam.cfg
     1 file copied
R:\prj\cam\src\DARK.BND => R:\prj\thief2\reltools\bnd\eng\dark.bnd
     1 file copied
R:\prj\cam\src\quake.bnd => R:\prj\thief2\reltools\bnd\eng\quake.bnd
     1 file copied
R:\prj\cam\src\UNREAL.BND => R:\prj\thief2\reltools\bnd\eng\unreal.bnd
     1 file copied
R:\prj\cam\src\CFG0000.BND => R:\prj\thief2\reltools\bnd\eng\saves\CFG0000.BND
R:\prj\cam\src\CFG0001.BND => R:\prj\thief2\reltools\bnd\eng\saves\CFG0001.BND
R:\prj\cam\src\CFG0002.BND => R:\prj\thief2\reltools\bnd\eng\saves\CFG0002.BND
     3 files copied
R:\prj\cam\src\DARK.CFG => R:\prj\thief2\daily\cd1\thief2\dark.cfg
     1 file copied
R:\prj\cam\src\CAM.CFG => R:\prj\thief2\daily\cd1\thief2\cam.cfg
     1 file copied
R:\prj\cam\src\DARK.BND => R:\prj\thief2\reltools\bnd\eng\dark.bnd
     1 file copied
R:\prj\cam\src\quake.bnd => R:\prj\thief2\reltools\bnd\eng\quake.bnd
     1 file copied
R:\prj\cam\src\UNREAL.BND => R:\prj\thief2\reltools\bnd\eng\unreal.bnd
     1 file copied
R:\prj\cam\src\CFG0000.BND => R:\prj\thief2\reltools\bnd\eng\saves\CFG0000.BND
R:\prj\cam\src\CFG0001.BND => R:\prj\thief2\reltools\bnd\eng\saves\CFG0001.BND
R:\prj\cam\src\CFG0002.BND => R:\prj\thief2\reltools\bnd\eng\saves\CFG0002.BND
     3 files copied
R:\prj\cam\src\DARK.CFG => R:\prj\thief2\daily\cd1\thief2\dark.cfg
     1 file copied
R:\prj\cam\src\CAM.CFG => R:\prj\thief2\daily\cd1\thief2\cam.cfg
     1 file copied
R:\prj\cam\src\DARK.BND => R:\prj\thief2\reltools\bnd\eng\dark.bnd
     1 file copied
R:\prj\cam\src\quake.bnd => R:\prj\thief2\reltools\bnd\eng\quake.bnd
     1 file copied
R:\prj\cam\src\UNREAL.BND => R:\prj\thief2\reltools\bnd\eng\unreal.bnd
     1 file copied
R:\prj\cam\src\CFG0000.BND => R:\prj\thief2\reltools\bnd\eng\saves\CFG0000.BND
R:\prj\cam\src\CFG0001.BND => R:\prj\thief2\reltools\bnd\eng\saves\CFG0001.BND
R:\prj\cam\src\CFG0002.BND => R:\prj\thief2\reltools\bnd\eng\saves\CFG0002.BND
     3 files copied
R:\prj\cam\src\DARK.CFG => R:\prj\thief2\daily\cd1\thief2\dark.cfg
     1 file copied
R:\prj\cam\src\CAM.CFG => R:\prj\thief2\daily\cd1\thief2\cam.cfg
     1 file copied
R:\prj\cam\src\DARK.BND => R:\prj\thief2\reltools\bnd\eng\dark.bnd
     1 file copied
R:\prj\cam\src\quake.bnd => R:\prj\thief2\reltools\bnd\eng\quake.bnd
     1 file copied
R:\prj\cam\src\UNREAL.BND => R:\prj\thief2\reltools\bnd\eng\unreal.bnd
     1 file copied
R:\prj\cam\src\CFG0000.BND => R:\prj\thief2\reltools\bnd\eng\saves\CFG0000.BND
R:\prj\cam\src\CFG0001.BND => R:\prj\thief2\reltools\bnd\eng\saves\CFG0001.BND
R:\prj\cam\src\CFG0002.BND => R:\prj\thief2\reltools\bnd\eng\saves\CFG0002.BND
     3 files copied
R:\prj\cam\src\DARK.CFG => R:\prj\thief2\daily\cd1\thief2\dark.cfg
     1 file copied
R:\prj\cam\src\CAM.CFG => R:\prj\thief2\daily\cd1\thief2\cam.cfg
     1 file copied
R:\prj\cam\src\DARK.BND => R:\prj\thief2\reltools\bnd\eng\dark.bnd
     1 file copied
R:\prj\cam\src\quake.bnd => R:\prj\thief2\reltools\bnd\eng\quake.bnd
     1 file copied
R:\prj\cam\src\UNREAL.BND => R:\prj\thief2\reltools\bnd\eng\unreal.bnd
     1 file copied
R:\prj\cam\src\CFG0000.BND => R:\prj\thief2\reltools\bnd\eng\saves\CFG0000.BND
R:\prj\cam\src\CFG0001.BND => R:\prj\thief2\reltools\bnd\eng\saves\CFG0001.BND
R:\prj\cam\src\CFG0002.BND => R:\prj\thief2\reltools\bnd\eng\saves\CFG0002.BND
     3 files copied
R:\prj\cam\src\DARK.CFG => R:\prj\thief2\daily\cd1\thief2\dark.cfg
     1 file copied
R:\prj\cam\src\CAM.CFG => R:\prj\thief2\daily\cd1\thief2\cam.cfg
     1 file copied
R:\prj\cam\src\DARK.BND => R:\prj\thief2\reltools\bnd\eng\dark.bnd
     1 file copied
R:\prj\cam\src\quake.bnd => R:\prj\thief2\reltools\bnd\eng\quake.bnd
     1 file copied
R:\prj\cam\src\UNREAL.BND => R:\prj\thief2\reltools\bnd\eng\unreal.bnd
     1 file copied
R:\prj\cam\src\CFG0000.BND => R:\prj\thief2\reltools\bnd\eng\saves\CFG0000.BND
R:\prj\cam\src\CFG0001.BND => R:\prj\thief2\reltools\bnd\eng\saves\CFG0001.BND
R:\prj\cam\src\CFG0002.BND => R:\prj\thief2\reltools\bnd\eng\saves\CFG0002.BND
     3 files copied
R:\prj\cam\src\DARK.CFG => R:\prj\thief2\daily\cd1\thief2\dark.cfg
     1 file copied
R:\prj\cam\src\CAM.CFG => R:\prj\thief2\daily\cd1\thief2\cam.cfg
     1 file copied
R:\prj\cam\src\DARK.BND => R:\prj\thief2\reltools\bnd\eng\dark.bnd
     1 file copied
R:\prj\cam\src\quake.bnd => R:\prj\thief2\reltools\bnd\eng\quake.bnd
     1 file copied
R:\prj\cam\src\UNREAL.BND => R:\prj\thief2\reltools\bnd\eng\unreal.bnd
     1 file copied
R:\prj\cam\src\CFG0000.BND => R:\prj\thief2\reltools\bnd\eng\saves\CFG0000.BND
R:\prj\cam\src\CFG0001.BND => R:\prj\thief2\reltools\bnd\eng\saves\CFG0001.BND
R:\prj\cam\src\CFG0002.BND => R:\prj\thief2\reltools\bnd\eng\saves\CFG0002.BND
     3 files copied
R:\prj\cam\src\DARK.CFG => R:\prj\thief2\daily\cd1\thief2\dark.cfg
     1 file copied
R:\prj\cam\src\CAM.CFG => R:\prj\thief2\daily\cd1\thief2\cam.cfg
     1 file copied
R:\prj\cam\src\DARK.BND => R:\prj\thief2\reltools\bnd\eng\dark.bnd
     1 file copied
R:\prj\cam\src\quake.bnd => R:\prj\thief2\reltools\bnd\eng\quake.bnd
     1 file copied
R:\prj\cam\src\UNREAL.BND => R:\prj\thief2\reltools\bnd\eng\unreal.bnd
     1 file copied
R:\prj\cam\src\CFG0000.BND => R:\prj\thief2\reltools\bnd\eng\saves\CFG0000.BND
R:\prj\cam\src\CFG0001.BND => R:\prj\thief2\reltools\bnd\eng\saves\CFG0001.BND
R:\prj\cam\src\CFG0002.BND => R:\prj\thief2\reltools\bnd\eng\saves\CFG0002.BND
     3 files copied
R:\prj\cam\src\DARK.CFG => R:\prj\thief2\daily\cd1\thief2\dark.cfg
     1 file copied
R:\prj\cam\src\CAM.CFG => R:\prj\thief2\daily\cd1\thief2\cam.cfg
     1 file copied
R:\prj\cam\src\DARK.BND => R:\prj\thief2\reltools\bnd\eng\dark.bnd
     1 file copied
R:\prj\cam\src\quake.bnd => R:\prj\thief2\reltools\bnd\eng\quake.bnd
     1 file copied
R:\prj\cam\src\UNREAL.BND => R:\prj\thief2\reltools\bnd\eng\unreal.bnd
     1 file copied
R:\prj\cam\src\CFG0000.BND => R:\prj\thief2\reltools\bnd\eng\saves\CFG0000.BND
R:\prj\cam\src\CFG0001.BND => R:\prj\thief2\reltools\bnd\eng\saves\CFG0001.BND
R:\prj\cam\src\CFG0002.BND => R:\prj\thief2\reltools\bnd\eng\saves\CFG0002.BND
     3 files copied
R:\prj\cam\src\DARK.CFG => R:\prj\thief2\daily\cd1\thief2\dark.cfg
     1 file copied
R:\prj\cam\src\CAM.CFG => R:\prj\thief2\daily\cd1\thief2\cam.cfg
     1 file copied
R:\prj\cam\src\DARK.BND => R:\prj\thief2\reltools\bnd\eng\dark.bnd
     1 file copied
R:\prj\cam\src\quake.bnd => R:\prj\thief2\reltools\bnd\eng\quake.bnd
     1 file copied
R:\prj\cam\src\UNREAL.BND => R:\prj\thief2\reltools\bnd\eng\unreal.bnd
     1 file copied
R:\prj\cam\src\CFG0000.BND => R:\prj\thief2\reltools\bnd\eng\saves\CFG0000.BND
R:\prj\cam\src\CFG0001.BND => R:\prj\thief2\reltools\bnd\eng\saves\CFG0001.BND
R:\prj\cam\src\CFG0002.BND => R:\prj\thief2\reltools\bnd\eng\saves\CFG0002.BND
     3 files copied
R:\prj\cam\src\DARK.CFG => R:\prj\thief2\daily\cd1\thief2\dark.cfg
     1 file copied
R:\prj\cam\src\CAM.CFG => R:\prj\thief2\daily\cd1\thief2\cam.cfg
     1 file copied
R:\prj\cam\src\DARK.BND => R:\prj\thief2\reltools\bnd\eng\dark.bnd
     1 file copied
R:\prj\cam\src\quake.bnd => R:\prj\thief2\reltools\bnd\eng\quake.bnd
     1 file copied
R:\prj\cam\src\UNREAL.BND => R:\prj\thief2\reltools\bnd\eng\unreal.bnd
     1 file copied
R:\prj\cam\src\CFG0000.BND => R:\prj\thief2\reltools\bnd\eng\saves\CFG0000.BND
R:\prj\cam\src\CFG0001.BND => R:\prj\thief2\reltools\bnd\eng\saves\CFG0001.BND
R:\prj\cam\src\CFG0002.BND => R:\prj\thief2\reltools\bnd\eng\saves\CFG0002.BND
     3 files copied
R:\prj\cam\src\DARK.CFG => R:\prj\thief2\daily\cd1\thief2\dark.cfg
     1 file copied
R:\prj\cam\src\CAM.CFG => R:\prj\thief2\daily\cd1\thief2\cam.cfg
     1 file copied
R:\prj\cam\src\DARK.BND => R:\prj\thief2\reltools\bnd\eng\dark.bnd
     1 file copied
R:\prj\cam\src\quake.bnd => R:\prj\thief2\reltools\bnd\eng\quake.bnd
     1 file copied
R:\prj\cam\src\UNREAL.BND => R:\prj\thief2\reltools\bnd\eng\unreal.bnd
     1 file copied
R:\prj\cam\src\CFG0000.BND => R:\prj\thief2\reltools\bnd\eng\saves\CFG0000.BND
R:\prj\cam\src\CFG0001.BND => R:\prj\thief2\reltools\bnd\eng\saves\CFG0001.BND
R:\prj\cam\src\CFG0002.BND => R:\prj\thief2\reltools\bnd\eng\saves\CFG0002.BND
     3 files copied
R:\prj\cam\src\DARK.CFG => R:\prj\thief2\daily\cd1\thief2\dark.cfg
     1 file copied
R:\prj\cam\src\CAM.CFG => R:\prj\thief2\daily\cd1\thief2\cam.cfg
     1 file copied
R:\prj\cam\src\DARK.BND => R:\prj\thief2\reltools\bnd\eng\dark.bnd
     1 file copied
R:\prj\cam\src\quake.bnd => R:\prj\thief2\reltools\bnd\eng\quake.bnd
     1 file copied
R:\prj\cam\src\UNREAL.BND => R:\prj\thief2\reltools\bnd\eng\unreal.bnd
     1 file copied
R:\prj\cam\src\CFG0000.BND => R:\prj\thief2\reltools\bnd\eng\saves\CFG0000.BND
R:\prj\cam\src\CFG0001.BND => R:\prj\thief2\reltools\bnd\eng\saves\CFG0001.BND
R:\prj\cam\src\CFG0002.BND => R:\prj\thief2\reltools\bnd\eng\saves\CFG0002.BND
     3 files copied
R:\prj\cam\src\DARK.CFG => R:\prj\thief2\daily\cd1\thief2\dark.cfg
     1 file copied
R:\prj\cam\src\CAM.CFG => R:\prj\thief2\daily\cd1\thief2\cam.cfg
     1 file copied
R:\prj\cam\src\DARK.BND => R:\prj\thief2\reltools\bnd\eng\dark.bnd
     1 file copied
R:\prj\cam\src\quake.bnd => R:\prj\thief2\reltools\bnd\eng\quake.bnd
     1 file copied
R:\prj\cam\src\UNREAL.BND => R:\prj\thief2\reltools\bnd\eng\unreal.bnd
     1 file copied
R:\prj\cam\src\CFG0000.BND => R:\prj\thief2\reltools\bnd\eng\saves\CFG0000.BND
R:\prj\cam\src\CFG0001.BND => R:\prj\thief2\reltools\bnd\eng\saves\CFG0001.BND
R:\prj\cam\src\CFG0002.BND => R:\prj\thief2\reltools\bnd\eng\saves\CFG0002.BND
     3 files copied
R:\prj\cam\src\DARK.CFG => R:\prj\thief2\daily\cd1\thief2\dark.cfg
     1 file copied
R:\prj\cam\src\CAM.CFG => R:\prj\thief2\daily\cd1\thief2\cam.cfg
     1 file copied
R:\prj\cam\src\DARK.BND => R:\prj\thief2\reltools\bnd\eng\dark.bnd
     1 file copied
R:\prj\cam\src\quake.bnd => R:\prj\thief2\reltools\bnd\eng\quake.bnd
     1 file copied
R:\prj\cam\src\UNREAL.BND => R:\prj\thief2\reltools\bnd\eng\unreal.bnd
     1 file copied
R:\prj\cam\src\CFG0000.BND => R:\prj\thief2\reltools\bnd\eng\saves\CFG0000.BND
R:\prj\cam\src\CFG0001.BND => R:\prj\thief2\reltools\bnd\eng\saves\CFG0001.BND
R:\prj\cam\src\CFG0002.BND => R:\prj\thief2\reltools\bnd\eng\saves\CFG0002.BND
     3 files copied
R:\prj\cam\src\DARK.CFG => R:\prj\thief2\daily\cd1\thief2\dark.cfg
     1 file copied
R:\prj\cam\src\CAM.CFG => R:\prj\thief2\daily\cd1\thief2\cam.cfg
     1 file copied
R:\prj\cam\src\DARK.BND => R:\prj\thief2\reltools\bnd\eng\dark.bnd
     1 file copied
R:\prj\cam\src\quake.bnd => R:\prj\thief2\reltools\bnd\eng\quake.bnd
     1 file copied
R:\prj\cam\src\UNREAL.BND => R:\prj\thief2\reltools\bnd\eng\unreal.bnd
     1 file copied
R:\prj\cam\src\CFG0000.BND => R:\prj\thief2\reltools\bnd\eng\saves\CFG0000.BND
R:\prj\cam\src\CFG0001.BND => R:\prj\thief2\reltools\bnd\eng\saves\CFG0001.BND
R:\prj\cam\src\CFG0002.BND => R:\prj\thief2\reltools\bnd\eng\saves\CFG0002.BND
     3 files copied
R:\prj\cam\src\DARK.CFG => C:\prj\thief2\daily\cd1\thief2\dark.cfg
     1 file copied
R:\prj\cam\src\CAM.CFG => C:\prj\thief2\daily\cd1\thief2\cam.cfg
     1 file copied
R:\prj\cam\src\DARK.BND => R:\prj\thief2\reltools\bnd\eng\dark.bnd
     1 file copied
R:\prj\cam\src\quake.bnd => R:\prj\thief2\reltools\bnd\eng\quake.bnd
     1 file copied
R:\prj\cam\src\UNREAL.BND => R:\prj\thief2\reltools\bnd\eng\unreal.bnd
     1 file copied
R:\prj\cam\src\CFG0000.BND => R:\prj\thief2\reltools\bnd\eng\saves\CFG0000.BND
R:\prj\cam\src\CFG0001.BND => R:\prj\thief2\reltools\bnd\eng\saves\CFG0001.BND
R:\prj\cam\src\CFG0002.BND => R:\prj\thief2\reltools\bnd\eng\saves\CFG0002.BND
     3 files copied
R:\prj\cam\src\DARK.CFG => C:\prj\thief2\daily\cd1\thief2\dark.cfg
     1 file copied
R:\prj\cam\src\CAM.CFG => C:\prj\thief2\daily\cd1\thief2\cam.cfg
     1 file copied
R:\prj\cam\src\DARK.BND => R:\prj\thief2\reltools\bnd\eng\dark.bnd
     1 file copied
R:\prj\cam\src\quake.bnd => R:\prj\thief2\reltools\bnd\eng\quake.bnd
     1 file copied
R:\prj\cam\src\UNREAL.BND => R:\prj\thief2\reltools\bnd\eng\unreal.bnd
     1 file copied
R:\prj\cam\src\CFG0000.BND => R:\prj\thief2\reltools\bnd\eng\saves\CFG0000.BND
R:\prj\cam\src\CFG0001.BND => R:\prj\thief2\reltools\bnd\eng\saves\CFG0001.BND
R:\prj\cam\src\CFG0002.BND => R:\prj\thief2\reltools\bnd\eng\saves\CFG0002.BND
     3 files copied
R:\prj\cam\src\DARK.CFG => C:\prj\thief2\daily\cd1\thief2\dark.cfg
     1 file copied
R:\prj\cam\src\CAM.CFG => C:\prj\thief2\daily\cd1\thief2\cam.cfg
     1 file copied
R:\prj\cam\src\DARK.BND => R:\prj\thief2\reltools\bnd\eng\dark.bnd
     1 file copied
R:\prj\cam\src\quake.bnd => R:\prj\thief2\reltools\bnd\eng\quake.bnd
     1 file copied
R:\prj\cam\src\UNREAL.BND => R:\prj\thief2\reltools\bnd\eng\unreal.bnd
     1 file copied
R:\prj\cam\src\CFG0000.BND => R:\prj\thief2\reltools\bnd\eng\saves\CFG0000.BND
R:\prj\cam\src\CFG0001.BND => R:\prj\thief2\reltools\bnd\eng\saves\CFG0001.BND
R:\prj\cam\src\CFG0002.BND => R:\prj\thief2\reltools\bnd\eng\saves\CFG0002.BND
     3 files copied
R:\prj\cam\src\DARK.CFG => C:\prj\thief2\daily\cd1\thief2\dark.cfg
     1 file copied
R:\prj\cam\src\CAM.CFG => C:\prj\thief2\daily\cd1\thief2\cam.cfg
     1 file copied
R:\prj\cam\src\DARK.BND => R:\prj\thief2\reltools\bnd\eng\dark.bnd
     1 file copied
R:\prj\cam\src\quake.bnd => R:\prj\thief2\reltools\bnd\eng\quake.bnd
     1 file copied
R:\prj\cam\src\UNREAL.BND => R:\prj\thief2\reltools\bnd\eng\unreal.bnd
     1 file copied
R:\prj\cam\src\CFG0000.BND => R:\prj\thief2\reltools\bnd\eng\saves\CFG0000.BND
R:\prj\cam\src\CFG0001.BND => R:\prj\thief2\reltools\bnd\eng\saves\CFG0001.BND
R:\prj\cam\src\CFG0002.BND => R:\prj\thief2\reltools\bnd\eng\saves\CFG0002.BND
     3 files copied
R:\prj\cam\src\DARK.CFG => C:\prj\thief2\daily\cd1\thief2\dark.cfg
     1 file copied
R:\prj\cam\src\CAM.CFG => C:\prj\thief2\daily\cd1\thief2\cam.cfg
     1 file copied
R:\prj\cam\src\DARK.BND => R:\prj\thief2\reltools\bnd\eng\dark.bnd
     1 file copied
R:\prj\cam\src\quake.bnd => R:\prj\thief2\reltools\bnd\eng\quake.bnd
     1 file copied
R:\prj\cam\src\UNREAL.BND => R:\prj\thief2\reltools\bnd\eng\unreal.bnd
     1 file copied
R:\prj\cam\src\CFG0000.BND => R:\prj\thief2\reltools\bnd\eng\saves\CFG0000.BND
R:\prj\cam\src\CFG0001.BND => R:\prj\thief2\reltools\bnd\eng\saves\CFG0001.BND
R:\prj\cam\src\CFG0002.BND => R:\prj\thief2\reltools\bnd\eng\saves\CFG0002.BND
     3 files copied
R:\prj\cam\src\DARK.CFG => C:\prj\thief2\daily\cd1\thief2\dark.cfg
     1 file copied
R:\prj\cam\src\CAM.CFG => C:\prj\thief2\daily\cd1\thief2\cam.cfg
     1 file copied
R:\prj\cam\src\DARK.BND => R:\prj\thief2\reltools\bnd\eng\dark.bnd
     1 file copied
R:\prj\cam\src\quake.bnd => R:\prj\thief2\reltools\bnd\eng\quake.bnd
     1 file copied
R:\prj\cam\src\UNREAL.BND => R:\prj\thief2\reltools\bnd\eng\unreal.bnd
     1 file copied
R:\prj\cam\src\CFG0000.BND => R:\prj\thief2\reltools\bnd\eng\saves\CFG0000.BND
R:\prj\cam\src\CFG0001.BND => R:\prj\thief2\reltools\bnd\eng\saves\CFG0001.BND
R:\prj\cam\src\CFG0002.BND => R:\prj\thief2\reltools\bnd\eng\saves\CFG0002.BND
     3 files copied
R:\prj\thief2\src\DARK.CFG => C:\prj\thief2\daily\cd1\thief2\dark.cfg
     1 file copied
R:\prj\thief2\src\CAM.CFG => C:\prj\thief2\daily\cd1\thief2\cam.cfg
     1 file copied
R:\prj\thief2\src\DARK.BND => R:\prj\thief2\reltools\bnd\eng\dark.bnd
     1 file copied
R:\prj\thief2\src\QUAKE.BND => R:\prj\thief2\reltools\bnd\eng\quake.bnd
     1 file copied
R:\prj\thief2\src\UNREAL.BND => R:\prj\thief2\reltools\bnd\eng\unreal.bnd
     1 file copied
R:\prj\thief2\src\CFG0000.BND => R:\prj\thief2\reltools\bnd\eng\saves\CFG0000.BND
R:\prj\thief2\src\CFG0001.BND => R:\prj\thief2\reltools\bnd\eng\saves\CFG0001.BND
R:\prj\thief2\src\CFG0002.BND => R:\prj\thief2\reltools\bnd\eng\saves\CFG0002.BND
     3 files copied
R:\prj\thief2\src\DARK.CFG => C:\prj\thief2\daily\cd1\thief2\dark.cfg
     1 file copied
R:\prj\thief2\src\CAM.CFG => C:\prj\thief2\daily\cd1\thief2\cam.cfg
     1 file copied
R:\prj\thief2\src\DARK.BND => R:\prj\thief2\reltools\bnd\eng\dark.bnd
     1 file copied
R:\prj\thief2\src\QUAKE.BND => R:\prj\thief2\reltools\bnd\eng\quake.bnd
     1 file copied
R:\prj\thief2\src\UNREAL.BND => R:\prj\thief2\reltools\bnd\eng\unreal.bnd
     1 file copied
R:\prj\thief2\src\CFG0000.BND => R:\prj\thief2\reltools\bnd\eng\saves\CFG0000.BND
R:\prj\thief2\src\CFG0001.BND => R:\prj\thief2\reltools\bnd\eng\saves\CFG0001.BND
R:\prj\thief2\src\CFG0002.BND => R:\prj\thief2\reltools\bnd\eng\saves\CFG0002.BND
     3 files copied
R:\prj\thief2\src\DARK.CFG => C:\prj\thief2\daily\cd1\thief2\dark.cfg
     1 file copied
R:\prj\thief2\src\CAM.CFG => C:\prj\thief2\daily\cd1\thief2\cam.cfg
     1 file copied
R:\prj\thief2\src\DARK.BND => R:\prj\thief2\reltools\bnd\eng\dark.bnd
     1 file copied
R:\prj\thief2\src\QUAKE.BND => R:\prj\thief2\reltools\bnd\eng\quake.bnd
     1 file copied
R:\prj\thief2\src\UNREAL.BND => R:\prj\thief2\reltools\bnd\eng\unreal.bnd
     1 file copied
R:\prj\thief2\src\CFG0000.BND => R:\prj\thief2\reltools\bnd\eng\saves\CFG0000.BND
R:\prj\thief2\src\CFG0001.BND => R:\prj\thief2\reltools\bnd\eng\saves\CFG0001.BND
R:\prj\thief2\src\CFG0002.BND => R:\prj\thief2\reltools\bnd\eng\saves\CFG0002.BND
     3 files copied
R:\prj\thief2\src\DARK.CFG => C:\prj\thief2\daily\cd1\thief2\dark.cfg
     1 file copied
R:\prj\thief2\src\CAM.CFG => C:\prj\thief2\daily\cd1\thief2\cam.cfg
     1 file copied
R:\prj\thief2\src\DARK.BND => R:\prj\thief2\reltools\bnd\eng\dark.bnd
     1 file copied
R:\prj\thief2\src\QUAKE.BND => R:\prj\thief2\reltools\bnd\eng\quake.bnd
     1 file copied
R:\prj\thief2\src\UNREAL.BND => R:\prj\thief2\reltools\bnd\eng\unreal.bnd
     1 file copied
R:\prj\thief2\src\CFG0000.BND => R:\prj\thief2\reltools\bnd\eng\saves\CFG0000.BND
R:\prj\thief2\src\CFG0001.BND => R:\prj\thief2\reltools\bnd\eng\saves\CFG0001.BND
R:\prj\thief2\src\CFG0002.BND => R:\prj\thief2\reltools\bnd\eng\saves\CFG0002.BND
     3 files copied
R:\prj\thief2\src\DARK.CFG => C:\prj\thief2\daily\cd1\thief2\dark.cfg
     1 file copied
R:\prj\thief2\src\CAM.CFG => C:\prj\thief2\daily\cd1\thief2\cam.cfg
     1 file copied
R:\prj\thief2\src\DARK.BND => R:\prj\thief2\reltools\bnd\eng\dark.bnd
     1 file copied
R:\prj\thief2\src\QUAKE.BND => R:\prj\thief2\reltools\bnd\eng\quake.bnd
     1 file copied
R:\prj\thief2\src\UNREAL.BND => R:\prj\thief2\reltools\bnd\eng\unreal.bnd
     1 file copied
R:\prj\thief2\src\CFG0000.BND => R:\prj\thief2\reltools\bnd\eng\saves\CFG0000.BND
R:\prj\thief2\src\CFG0001.BND => R:\prj\thief2\reltools\bnd\eng\saves\CFG0001.BND
R:\prj\thief2\src\CFG0002.BND => R:\prj\thief2\reltools\bnd\eng\saves\CFG0002.BND
     3 files copied
R:\prj\thief2\src\DARK.CFG => C:\prj\thief2\daily\cd1\thief2\dark.cfg
     1 file copied
R:\prj\thief2\src\CAM.CFG => C:\prj\thief2\daily\cd1\thief2\cam.cfg
     1 file copied
R:\prj\thief2\src\DARK.BND => R:\prj\thief2\reltools\bnd\eng\dark.bnd
     1 file copied
R:\prj\thief2\src\QUAKE.BND => R:\prj\thief2\reltools\bnd\eng\quake.bnd
     1 file copied
R:\prj\thief2\src\UNREAL.BND => R:\prj\thief2\reltools\bnd\eng\unreal.bnd
     1 file copied
R:\prj\thief2\src\CFG0000.BND => R:\prj\thief2\reltools\bnd\eng\saves\CFG0000.BND
R:\prj\thief2\src\CFG0001.BND => R:\prj\thief2\reltools\bnd\eng\saves\CFG0001.BND
R:\prj\thief2\src\CFG0002.BND => R:\prj\thief2\reltools\bnd\eng\saves\CFG0002.BND
     3 files copied
R:\prj\thief2\src\DARK.CFG => C:\prj\thief2\daily\cd1\thief2\dark.cfg
     1 file copied
R:\prj\thief2\src\CAM.CFG => C:\prj\thief2\daily\cd1\thief2\cam.cfg
     1 file copied
R:\prj\thief2\src\dark.bnd => R:\prj\thief2\reltools\bnd\eng\dark.bnd
     1 file copied
R:\prj\thief2\src\QUAKE.BND => R:\prj\thief2\reltools\bnd\eng\quake.bnd
     1 file copied
R:\prj\thief2\src\UNREAL.BND => R:\prj\thief2\reltools\bnd\eng\unreal.bnd
     1 file copied
R:\prj\thief2\src\CFG0000.BND => R:\prj\thief2\reltools\bnd\eng\saves\CFG0000.BND
R:\prj\thief2\src\CFG0001.BND => R:\prj\thief2\reltools\bnd\eng\saves\CFG0001.BND
R:\prj\thief2\src\CFG0002.BND => R:\prj\thief2\reltools\bnd\eng\saves\CFG0002.BND
     3 files copied
R:\prj\thief2\src\dark.cfg => C:\prj\thief2\daily\cd1\thief2\dark.cfg
     1 file copied
R:\prj\thief2\src\cam.cfg => C:\prj\thief2\daily\cd1\thief2\cam.cfg
     1 file copied
R:\prj\thief2\src\dark.bnd => R:\prj\thief2\reltools\bnd\eng\dark.bnd
     1 file copied
R:\prj\thief2\src\QUAKE.BND => R:\prj\thief2\reltools\bnd\eng\quake.bnd
     1 file copied
R:\prj\thief2\src\UNREAL.BND => R:\prj\thief2\reltools\bnd\eng\unreal.bnd
     1 file copied
R:\prj\thief2\src\CFG0000.BND => R:\prj\thief2\reltools\bnd\eng\saves\CFG0000.BND
R:\prj\thief2\src\CFG0001.BND => R:\prj\thief2\reltools\bnd\eng\saves\CFG0001.BND
R:\prj\thief2\src\CFG0002.BND => R:\prj\thief2\reltools\bnd\eng\saves\CFG0002.BND
     3 files copied
R:\prj\thief2\src\dark.cfg => C:\prj\thief2\daily\cd1\thief2\dark.cfg
     1 file copied
R:\prj\thief2\src\cam.cfg => C:\prj\thief2\daily\cd1\thief2\cam.cfg
     1 file copied
R:\prj\thief2\src\dark.bnd => R:\prj\thief2\reltools\bnd\eng\dark.bnd
     1 file copied
R:\prj\thief2\src\QUAKE.BND => R:\prj\thief2\reltools\bnd\eng\quake.bnd
     1 file copied
R:\prj\thief2\src\UNREAL.BND => R:\prj\thief2\reltools\bnd\eng\unreal.bnd
     1 file copied
R:\prj\thief2\src\CFG0000.BND => R:\prj\thief2\reltools\bnd\eng\saves\CFG0000.BND
R:\prj\thief2\src\CFG0001.BND => R:\prj\thief2\reltools\bnd\eng\saves\CFG0001.BND
R:\prj\thief2\src\CFG0002.BND => R:\prj\thief2\reltools\bnd\eng\saves\CFG0002.BND
     3 files copied
R:\prj\thief2\src\dark.cfg => C:\prj\thief2\daily\cd1\thief2\dark.cfg
     1 file copied
R:\prj\thief2\src\cam.cfg => C:\prj\thief2\daily\cd1\thief2\cam.cfg
     1 file copied
R:\prj\thief2\src\dark.bnd => R:\prj\thief2\reltools\bnd\eng\dark.bnd
     1 file copied
R:\prj\thief2\src\QUAKE.BND => R:\prj\thief2\reltools\bnd\eng\quake.bnd
     1 file copied
R:\prj\thief2\src\UNREAL.BND => R:\prj\thief2\reltools\bnd\eng\unreal.bnd
     1 file copied
R:\prj\thief2\src\cfg0000.bnd => R:\prj\thief2\reltools\bnd\eng\saves\cfg0000.bnd
R:\prj\thief2\src\CFG0001.BND => R:\prj\thief2\reltools\bnd\eng\saves\CFG0001.BND
R:\prj\thief2\src\CFG0002.BND => R:\prj\thief2\reltools\bnd\eng\saves\CFG0002.BND
     3 files copied
R:\prj\thief2\src\dark.cfg => C:\prj\thief2\daily\cd1\thief2\dark.cfg
     1 file copied
R:\prj\thief2\src\cam.cfg => C:\prj\thief2\daily\cd1\thief2\cam.cfg
     1 file copied
R:\prj\thief2\src\dark.bnd => R:\prj\thief2\reltools\bnd\eng\dark.bnd
     1 file copied
R:\prj\thief2\src\QUAKE.BND => R:\prj\thief2\reltools\bnd\eng\quake.bnd
     1 file copied
R:\prj\thief2\src\UNREAL.BND => R:\prj\thief2\reltools\bnd\eng\unreal.bnd
     1 file copied
R:\prj\thief2\src\cfg0000.bnd => R:\prj\thief2\reltools\bnd\eng\saves\cfg0000.bnd
R:\prj\thief2\src\CFG0001.BND => R:\prj\thief2\reltools\bnd\eng\saves\CFG0001.BND
R:\prj\thief2\src\CFG0002.BND => R:\prj\thief2\reltools\bnd\eng\saves\CFG0002.BND
     3 files copied
R:\prj\thief2\src\dark.cfg => C:\prj\thief2\daily\cd2\thief2\dark.cfg
     1 file copied
R:\prj\thief2\src\cam.cfg => C:\prj\thief2\daily\cd2\thief2\cam.cfg
     1 file copied
R:\prj\thief2\src\dark.bnd => R:\prj\thief2\reltools\bnd\eng\dark.bnd
     1 file copied
R:\prj\thief2\src\QUAKE.BND => R:\prj\thief2\reltools\bnd\eng\quake.bnd
     1 file copied
R:\prj\thief2\src\UNREAL.BND => R:\prj\thief2\reltools\bnd\eng\unreal.bnd
     1 file copied
R:\prj\thief2\src\cfg0000.bnd => R:\prj\thief2\reltools\bnd\eng\saves\cfg0000.bnd
R:\prj\thief2\src\CFG0001.BND => R:\prj\thief2\reltools\bnd\eng\saves\CFG0001.BND
R:\prj\thief2\src\CFG0002.BND => R:\prj\thief2\reltools\bnd\eng\saves\CFG0002.BND
     3 files copied
R:\prj\thief2\src\dark.cfg => C:\prj\thief2\daily\cd2\thief2\dark.cfg
     1 file copied
R:\prj\thief2\src\cam.cfg => C:\prj\thief2\daily\cd2\thief2\cam.cfg
     1 file copied
R:\prj\thief2\src\dark.bnd => R:\prj\thief2\reltools\bnd\eng\dark.bnd
     1 file copied
R:\prj\thief2\src\QUAKE.BND => R:\prj\thief2\reltools\bnd\eng\quake.bnd
     1 file copied
     0 files copied
R:\prj\thief2\src\dark.cfg => C:\prj\thief2\daily\cd2\thief2\dark.cfg
     1 file copied
R:\prj\thief2\src\cam.cfg => C:\prj\thief2\daily\cd2\thief2\cam.cfg
     1 file copied
R:\prj\thief2\src\dark.bnd => R:\prj\thief2\reltools\bnd\eng\dark.bnd
     1 file copied
R:\prj\thief2\src\QUAKE.BND => R:\prj\thief2\reltools\bnd\eng\quake.bnd
     1 file copied
R:\prj\thief2\src\UNREAL.BND => R:\prj\thief2\reltools\bnd\eng\unreal.bnd
     1 file copied
R:\prj\thief2\src\cfg0000.bnd => R:\prj\thief2\reltools\bnd\eng\saves\cfg0000.bnd
R:\prj\thief2\src\CFG0001.BND => R:\prj\thief2\reltools\bnd\eng\saves\CFG0001.BND
R:\prj\thief2\src\CFG0002.BND => R:\prj\thief2\reltools\bnd\eng\saves\CFG0002.BND
     3 files copied
R:\prj\thief2\src\dark.cfg => C:\prj\thief2\daily\cd2\thief2\dark.cfg
     1 file copied
R:\prj\thief2\src\cam.cfg => C:\prj\thief2\daily\cd2\thief2\cam.cfg
     1 file copied
R:\prj\thief2\src\dark.bnd => R:\prj\thief2\reltools\bnd\eng\dark.bnd
     1 file copied
R:\prj\thief2\src\QUAKE.BND => R:\prj\thief2\reltools\bnd\eng\quake.bnd
     1 file copied
R:\prj\thief2\src\UNREAL.BND => R:\prj\thief2\reltools\bnd\eng\unreal.bnd
     1 file copied
R:\prj\thief2\src\cfg0000.bnd => R:\prj\thief2\reltools\bnd\eng\saves\cfg0000.bnd
R:\prj\thief2\src\CFG0001.BND => R:\prj\thief2\reltools\bnd\eng\saves\CFG0001.BND
R:\prj\thief2\src\CFG0002.BND => R:\prj\thief2\reltools\bnd\eng\saves\CFG0002.BND
     3 files copied
R:\prj\thief2\src\dark.cfg => C:\prj\thief2\daily\cd2\thief2\dark.cfg
     1 file copied
R:\prj\thief2\src\cam.cfg => C:\prj\thief2\daily\cd2\thief2\cam.cfg
     1 file copied
R:\prj\thief2\src\dark.bnd => R:\prj\thief2\reltools\bnd\eng\dark.bnd
     1 file copied
R:\prj\thief2\src\QUAKE.BND => R:\prj\thief2\reltools\bnd\eng\quake.bnd
     1 file copied
R:\prj\thief2\src\UNREAL.BND => R:\prj\thief2\reltools\bnd\eng\unreal.bnd
     1 file copied
R:\prj\thief2\src\cfg0000.bnd => R:\prj\thief2\reltools\bnd\eng\saves\cfg0000.bnd
R:\prj\thief2\src\CFG0001.BND => R:\prj\thief2\reltools\bnd\eng\saves\CFG0001.BND
R:\prj\thief2\src\CFG0002.BND => R:\prj\thief2\reltools\bnd\eng\saves\CFG0002.BND
     3 files copied
R:\prj\thief2\src\dark.cfg => C:\prj\thief2\daily\cd2\thief2\dark.cfg
     1 file copied
R:\prj\thief2\src\cam.cfg => C:\prj\thief2\daily\cd2\thief2\cam.cfg
     1 file copied
R:\prj\thief2\src\dark.bnd => R:\prj\thief2\reltools\bnd\eng\dark.bnd
     1 file copied
R:\prj\thief2\src\QUAKE.BND => R:\prj\thief2\reltools\bnd\eng\quake.bnd
     1 file copied
R:\prj\thief2\src\UNREAL.BND => R:\prj\thief2\reltools\bnd\eng\unreal.bnd
     1 file copied
R:\prj\thief2\src\cfg0000.bnd => R:\prj\thief2\reltools\bnd\eng\saves\cfg0000.bnd
R:\prj\thief2\src\CFG0001.BND => R:\prj\thief2\reltools\bnd\eng\saves\CFG0001.BND
R:\prj\thief2\src\CFG0002.BND => R:\prj\thief2\reltools\bnd\eng\saves\CFG0002.BND
     3 files copied
R:\prj\thief2\src\dark.cfg => C:\prj\thief2\daily\cd2\thief2\dark.cfg
     1 file copied
R:\prj\thief2\src\cam.cfg => C:\prj\thief2\daily\cd2\thief2\cam.cfg
     1 file copied
R:\prj\thief2\src\dark.bnd => R:\prj\thief2\reltools\bnd\eng\dark.bnd
     1 file copied
R:\prj\thief2\src\QUAKE.BND => R:\prj\thief2\reltools\bnd\eng\quake.bnd
     1 file copied
R:\prj\thief2\src\UNREAL.BND => R:\prj\thief2\reltools\bnd\eng\unreal.bnd
     1 file copied
R:\prj\thief2\src\cfg0000.bnd => R:\prj\thief2\reltools\bnd\eng\saves\cfg0000.bnd
R:\prj\thief2\src\CFG0001.BND => R:\prj\thief2\reltools\bnd\eng\saves\CFG0001.BND
R:\prj\thief2\src\CFG0002.BND => R:\prj\thief2\reltools\bnd\eng\saves\CFG0002.BND
     3 files copied
R:\prj\thief2\src\dark.cfg => C:\prj\thief2\daily\cd2\thief2\dark.cfg
     1 file copied
R:\prj\thief2\src\cam.cfg => C:\prj\thief2\daily\cd2\thief2\cam.cfg
     1 file copied
R:\prj\thief2\src\dark.bnd => R:\prj\thief2\reltools\bnd\eng\dark.bnd
     1 file copied
R:\prj\thief2\src\QUAKE.BND => R:\prj\thief2\reltools\bnd\eng\quake.bnd
     1 file copied
R:\prj\thief2\src\UNREAL.BND => R:\prj\thief2\reltools\bnd\eng\unreal.bnd
     1 file copied
R:\prj\thief2\src\cfg0000.bnd => R:\prj\thief2\reltools\bnd\eng\saves\cfg0000.bnd
R:\prj\thief2\src\CFG0001.BND => R:\prj\thief2\reltools\bnd\eng\saves\CFG0001.BND
R:\prj\thief2\src\CFG0002.BND => R:\prj\thief2\reltools\bnd\eng\saves\CFG0002.BND
     3 files copied
R:\prj\thief2\src\dark.cfg => C:\prj\thief2\daily\cd2\thief2\dark.cfg
     1 file copied
R:\prj\thief2\src\cam.cfg => C:\prj\thief2\daily\cd2\thief2\cam.cfg
     1 file copied
R:\prj\thief2\src\dark.bnd => R:\prj\thief2\reltools\bnd\eng\dark.bnd
     1 file copied
R:\prj\thief2\src\QUAKE.BND => R:\prj\thief2\reltools\bnd\eng\quake.bnd
     1 file copied
R:\prj\thief2\src\UNREAL.BND => R:\prj\thief2\reltools\bnd\eng\unreal.bnd
     1 file copied
R:\prj\thief2\src\cfg0000.bnd => R:\prj\thief2\reltools\bnd\eng\saves\cfg0000.bnd
R:\prj\thief2\src\CFG0001.BND => R:\prj\thief2\reltools\bnd\eng\saves\CFG0001.BND
R:\prj\thief2\src\CFG0002.BND => R:\prj\thief2\reltools\bnd\eng\saves\CFG0002.BND
     3 files copied
R:\prj\thief2\src\dark.cfg => C:\prj\thief2\daily\cd2\thief2\dark.cfg
     1 file copied
R:\prj\thief2\src\cam.cfg => C:\prj\thief2\daily\cd2\thief2\cam.cfg
     1 file copied
R:\prj\thief2\src\dark.bnd => R:\prj\thief2\reltools\bnd\eng\dark.bnd
     1 file copied
R:\prj\thief2\src\QUAKE.BND => R:\prj\thief2\reltools\bnd\eng\quake.bnd
     1 file copied
R:\prj\thief2\src\UNREAL.BND => R:\prj\thief2\reltools\bnd\eng\unreal.bnd
     1 file copied
R:\prj\thief2\src\cfg0000.bnd => R:\prj\thief2\reltools\bnd\eng\saves\cfg0000.bnd
R:\prj\thief2\src\CFG0001.BND => R:\prj\thief2\reltools\bnd\eng\saves\CFG0001.BND
R:\prj\thief2\src\CFG0002.BND => R:\prj\thief2\reltools\bnd\eng\saves\CFG0002.BND
     3 files copied
R:\prj\thief2\src\dark.cfg => C:\prj\thief2\daily\cd2\thief2\dark.cfg
     1 file copied
R:\prj\thief2\src\cam.cfg => C:\prj\thief2\daily\cd2\thief2\cam.cfg
     1 file copied
R:\prj\thief2\src\dark.bnd => R:\prj\thief2\reltools\bnd\eng\dark.bnd
     1 file copied
R:\prj\thief2\src\QUAKE.BND => R:\prj\thief2\reltools\bnd\eng\quake.bnd
     1 file copied
R:\prj\thief2\src\UNREAL.BND => R:\prj\thief2\reltools\bnd\eng\unreal.bnd
     1 file copied
R:\prj\thief2\src\CFG0002.BND => R:\prj\thief2\reltools\bnd\eng\saves\CFG0002.BND
R:\prj\thief2\src\CFG0001.BND => R:\prj\thief2\reltools\bnd\eng\saves\CFG0001.BND
R:\prj\thief2\src\CFG0000.BND => R:\prj\thief2\reltools\bnd\eng\saves\CFG0000.BND
     3 files copied
R:\prj\thief2\src\dark.cfg => C:\prj\thief2\daily\cd2\thief2\dark.cfg
     1 file copied
R:\prj\thief2\src\cam.cfg => C:\prj\thief2\daily\cd2\thief2\cam.cfg
     1 file copied
R:\prj\thief2\src\dark.bnd => R:\prj\thief2\reltools\bnd\eng\dark.bnd
     1 file copied
R:\prj\thief2\src\QUAKE.BND => R:\prj\thief2\reltools\bnd\eng\quake.bnd
     1 file copied
R:\prj\thief2\src\UNREAL.BND => R:\prj\thief2\reltools\bnd\eng\unreal.bnd
     1 file copied
R:\prj\thief2\src\CFG0002.BND => R:\prj\thief2\reltools\bnd\eng\saves\CFG0002.BND
R:\prj\thief2\src\CFG0001.BND => R:\prj\thief2\reltools\bnd\eng\saves\CFG0001.BND
R:\prj\thief2\src\CFG0000.BND => R:\prj\thief2\reltools\bnd\eng\saves\CFG0000.BND
     3 files copied
R:\prj\thief2\src\dark.cfg => C:\prj\thief2\daily\cd2\thief2\dark.cfg
     1 file copied
R:\prj\thief2\src\cam.cfg => C:\prj\thief2\daily\cd2\thief2\cam.cfg
     1 file copied
R:\prj\thief2\src\dark.bnd => R:\prj\thief2\reltools\bnd\eng\dark.bnd
     1 file copied
R:\prj\thief2\src\QUAKE.BND => R:\prj\thief2\reltools\bnd\eng\quake.bnd
     1 file copied
R:\prj\thief2\src\UNREAL.BND => R:\prj\thief2\reltools\bnd\eng\unreal.bnd
     1 file copied
R:\prj\thief2\src\cfg0001.bnd => R:\prj\thief2\reltools\bnd\eng\saves\cfg0001.bnd
R:\prj\thief2\src\cfg0000.bnd => R:\prj\thief2\reltools\bnd\eng\saves\cfg0000.bnd
R:\prj\thief2\src\cfg0002.bnd => R:\prj\thief2\reltools\bnd\eng\saves\cfg0002.bnd
     3 files copied
R:\prj\thief2\src\dark.cfg => C:\prj\thief2\daily\cd2\thief2\dark.cfg
     1 file copied
R:\prj\thief2\src\cam.cfg => C:\prj\thief2\daily\cd2\thief2\cam.cfg
     1 file copied
R:\prj\thief2\src\dark.bnd => R:\prj\thief2\reltools\bnd\eng\dark.bnd
     1 file copied
R:\prj\thief2\src\QUAKE.BND => R:\prj\thief2\reltools\bnd\eng\quake.bnd
     1 file copied
R:\prj\thief2\src\UNREAL.BND => R:\prj\thief2\reltools\bnd\eng\unreal.bnd
     1 file copied
R:\prj\thief2\src\cfg0000.bnd => R:\prj\thief2\reltools\bnd\eng\saves\cfg0000.bnd
R:\prj\thief2\src\cfg0001.bnd => R:\prj\thief2\reltools\bnd\eng\saves\cfg0001.bnd
R:\prj\thief2\src\cfg0002.bnd => R:\prj\thief2\reltools\bnd\eng\saves\cfg0002.bnd
     3 files copied
R:\prj\thief2\src\dark.cfg => C:\prj\thief2\daily\cd2\thief2\dark.cfg
     1 file copied
R:\prj\thief2\src\cam.cfg => C:\prj\thief2\daily\cd2\thief2\cam.cfg
     1 file copied
R:\prj\thief2\src\dark.bnd => R:\prj\thief2\reltools\bnd\eng\dark.bnd
     1 file copied
R:\prj\thief2\src\QUAKE.BND => R:\prj\thief2\reltools\bnd\eng\quake.bnd
     1 file copied
R:\prj\thief2\src\UNREAL.BND => R:\prj\thief2\reltools\bnd\eng\unreal.bnd
     1 file copied
R:\prj\thief2\src\cfg0000.bnd => R:\prj\thief2\reltools\bnd\eng\saves\cfg0000.bnd
R:\prj\thief2\src\cfg0001.bnd => R:\prj\thief2\reltools\bnd\eng\saves\cfg0001.bnd
R:\prj\thief2\src\cfg0002.bnd => R:\prj\thief2\reltools\bnd\eng\saves\cfg0002.bnd
     3 files copied
R:\prj\thief2\src\dark.cfg => C:\prj\thief2\daily\cd2\thief2\dark.cfg
     1 file copied
R:\prj\thief2\src\cam.cfg => C:\prj\thief2\daily\cd2\thief2\cam.cfg
     1 file copied
R:\prj\thief2\src\dark.bnd => R:\prj\thief2\reltools\bnd\eng\dark.bnd
     1 file copied
R:\prj\thief2\src\QUAKE.BND => R:\prj\thief2\reltools\bnd\eng\quake.bnd
     1 file copied
R:\prj\thief2\src\UNREAL.BND => R:\prj\thief2\reltools\bnd\eng\unreal.bnd
     1 file copied
R:\prj\thief2\src\cfg0000.bnd => R:\prj\thief2\reltools\bnd\eng\saves\cfg0000.bnd
R:\prj\thief2\src\cfg0001.bnd => R:\prj\thief2\reltools\bnd\eng\saves\cfg0001.bnd
R:\prj\thief2\src\cfg0002.bnd => R:\prj\thief2\reltools\bnd\eng\saves\cfg0002.bnd
     3 files copied
R:\prj\thief2\src\dark.cfg => C:\prj\thief2\daily\cd2\thief2\dark.cfg
     1 file copied
R:\prj\thief2\src\cam.cfg => C:\prj\thief2\daily\cd2\thief2\cam.cfg
     1 file copied
R:\prj\thief2\src\dark.bnd => R:\prj\thief2\reltools\bnd\eng\dark.bnd
     1 file copied
R:\prj\thief2\src\QUAKE.BND => R:\prj\thief2\reltools\bnd\eng\quake.bnd
     1 file copied
R:\prj\thief2\src\UNREAL.BND => R:\prj\thief2\reltools\bnd\eng\unreal.bnd
     1 file copied
R:\prj\thief2\src\cfg0000.bnd => R:\prj\thief2\reltools\bnd\eng\saves\cfg0000.bnd
R:\prj\thief2\src\cfg0001.bnd => R:\prj\thief2\reltools\bnd\eng\saves\cfg0001.bnd
R:\prj\thief2\src\cfg0002.bnd => R:\prj\thief2\reltools\bnd\eng\saves\cfg0002.bnd
     3 files copied
R:\prj\thief2\src\dark.cfg => C:\prj\thief2\daily\cd2\thief2\dark.cfg
     1 file copied
R:\prj\thief2\src\cam.cfg => C:\prj\thief2\daily\cd2\thief2\cam.cfg
     1 file copied
R:\prj\thief2\src\dark.bnd => R:\prj\thief2\reltools\bnd\eng\dark.bnd
     1 file copied
R:\prj\thief2\src\QUAKE.BND => R:\prj\thief2\reltools\bnd\eng\quake.bnd
     1 file copied
R:\prj\thief2\src\UNREAL.BND => R:\prj\thief2\reltools\bnd\eng\unreal.bnd
     1 file copied
R:\prj\thief2\src\cfg0000.bnd => R:\prj\thief2\reltools\bnd\eng\saves\cfg0000.bnd
R:\prj\thief2\src\cfg0001.bnd => R:\prj\thief2\reltools\bnd\eng\saves\cfg0001.bnd
R:\prj\thief2\src\cfg0002.bnd => R:\prj\thief2\reltools\bnd\eng\saves\cfg0002.bnd
     3 files copied
R:\prj\thief2\src\dark.cfg => C:\prj\thief2\daily\cd2\thief2\dark.cfg
     1 file copied
R:\prj\thief2\src\cam.cfg => C:\prj\thief2\daily\cd2\thief2\cam.cfg
     1 file copied
R:\prj\thief2\src\dark.bnd => R:\prj\thief2\reltools\bnd\eng\dark.bnd
     1 file copied
R:\prj\thief2\src\QUAKE.BND => R:\prj\thief2\reltools\bnd\eng\quake.bnd
     1 file copied
R:\prj\thief2\src\UNREAL.BND => R:\prj\thief2\reltools\bnd\eng\unreal.bnd
     1 file copied
R:\prj\thief2\src\cfg0000.bnd => R:\prj\thief2\reltools\bnd\eng\saves\cfg0000.bnd
R:\prj\thief2\src\cfg0001.bnd => R:\prj\thief2\reltools\bnd\eng\saves\cfg0001.bnd
R:\prj\thief2\src\cfg0002.bnd => R:\prj\thief2\reltools\bnd\eng\saves\cfg0002.bnd
     3 files copied
R:\prj\thief2\src\dark.cfg => C:\prj\thief2\daily\cd2\thief2\dark.cfg
     1 file copied
R:\prj\thief2\src\cam.cfg => C:\prj\thief2\daily\cd2\thief2\cam.cfg
     1 file copied
R:\prj\thief2\src\dark.bnd => R:\prj\thief2\reltools\bnd\eng\dark.bnd
     1 file copied
R:\prj\thief2\src\QUAKE.BND => R:\prj\thief2\reltools\bnd\eng\quake.bnd
     1 file copied
R:\prj\thief2\src\UNREAL.BND => R:\prj\thief2\reltools\bnd\eng\unreal.bnd
     1 file copied
R:\prj\thief2\src\cfg0000.bnd => R:\prj\thief2\reltools\bnd\eng\saves\cfg0000.bnd
R:\prj\thief2\src\cfg0001.bnd => R:\prj\thief2\reltools\bnd\eng\saves\cfg0001.bnd
R:\prj\thief2\src\cfg0002.bnd => R:\prj\thief2\reltools\bnd\eng\saves\cfg0002.bnd
     3 files copied
R:\prj\thief2\src\dark.cfg => C:\prj\thief2\daily\cd2\thief2\dark.cfg
     1 file copied
R:\prj\thief2\src\cam.cfg => C:\prj\thief2\daily\cd2\thief2\cam.cfg
     1 file copied
R:\prj\thief2\src\dark.bnd => R:\prj\thief2\reltools\bnd\eng\dark.bnd
     1 file copied
R:\prj\thief2\src\QUAKE.BND => R:\prj\thief2\reltools\bnd\eng\quake.bnd
     1 file copied
R:\prj\thief2\src\UNREAL.BND => R:\prj\thief2\reltools\bnd\eng\unreal.bnd
     1 file copied
R:\prj\thief2\src\cfg0000.bnd => R:\prj\thief2\reltools\bnd\eng\saves\cfg0000.bnd
R:\prj\thief2\src\cfg0001.bnd => R:\prj\thief2\reltools\bnd\eng\saves\cfg0001.bnd
R:\prj\thief2\src\cfg0002.bnd => R:\prj\thief2\reltools\bnd\eng\saves\cfg0002.bnd
     3 files copied
R:\prj\thief2\src\dark.cfg => C:\prj\thief2\daily\cd2\thief2\dark.cfg
     1 file copied
R:\prj\thief2\src\cam.cfg => C:\prj\thief2\daily\cd2\thief2\cam.cfg
     1 file copied
R:\prj\thief2\src\dark.bnd => R:\prj\thief2\reltools\bnd\eng\dark.bnd
     1 file copied
R:\prj\thief2\src\QUAKE.BND => R:\prj\thief2\reltools\bnd\eng\quake.bnd
     1 file copied
R:\prj\thief2\src\UNREAL.BND => R:\prj\thief2\reltools\bnd\eng\unreal.bnd
     1 file copied
R:\prj\thief2\src\cfg0000.bnd => R:\prj\thief2\reltools\bnd\eng\saves\cfg0000.bnd
R:\prj\thief2\src\cfg0001.bnd => R:\prj\thief2\reltools\bnd\eng\saves\cfg0001.bnd
R:\prj\thief2\src\cfg0002.bnd => R:\prj\thief2\reltools\bnd\eng\saves\cfg0002.bnd
     3 files copied
R:\prj\thief2\src\dark.cfg => R:\prj\thief2\daily\cd2\thief2\dark.cfg
     1 file copied
R:\prj\thief2\src\cam.cfg => R:\prj\thief2\daily\cd2\thief2\cam.cfg
     1 file copied
R:\prj\thief2\src\dark.bnd => R:\prj\thief2\reltools\bnd\eng\dark.bnd
     1 file copied
R:\prj\thief2\src\QUAKE.BND => R:\prj\thief2\reltools\bnd\eng\quake.bnd
     1 file copied
R:\prj\thief2\src\UNREAL.BND => R:\prj\thief2\reltools\bnd\eng\unreal.bnd
     1 file copied
R:\prj\thief2\src\cfg0000.bnd => R:\prj\thief2\reltools\bnd\eng\saves\cfg0000.bnd
R:\prj\thief2\src\cfg0001.bnd => R:\prj\thief2\reltools\bnd\eng\saves\cfg0001.bnd
R:\prj\thief2\src\cfg0002.bnd => R:\prj\thief2\reltools\bnd\eng\saves\cfg0002.bnd
     3 files copied
